<?xml version="1.0" encoding="UTF-8"?>
<!-- Generated by org.testng.reporters.JUnitReportReporter -->
<testsuite skipped="0" hostname="LAPTOP-CL6L7SG3" name="com.TestScenarios.FramesSample" tests="1" failures="0" timestamp="2019-10-24T21:55:32 EDT" time="8.176" errors="0">
  <testcase name="f" time="8.176" classname="com.TestScenarios.FramesSample"/>
</testsuite> <!-- com.TestScenarios.FramesSample -->
