<?xml version="1.0" encoding="UTF-8"?>
<!-- Generated by org.testng.reporters.JUnitReportReporter -->
<testsuite skipped="0" hostname="LAPTOP-CL6L7SG3" name="com.TestScenarios.FB_Login" tests="1" failures="0" timestamp="2019-10-24T21:35:05 EDT" time="17.164" errors="0">
  <testcase name="login" time="17.164" classname="com.TestScenarios.FB_Login"/>
</testsuite> <!-- com.TestScenarios.FB_Login -->
